<?xml version="1.0" encoding="UTF-8"?>
<!-- Generated by org.testng.reporters.JUnitReportReporter -->
<testsuite skipped="0" hostname="Mir-PC" name="extentReport.Extent" tests="1" failures="0" timestamp="22 Sep 2020 23:31:16 GMT" time="0.852" errors="0">
  <testcase name="test1" time="0.852" classname="extentReport.Extent"/>
</testsuite> <!-- extentReport.Extent -->
